{"uid":"9bd92c7bce8d2baf","name":"test_home_tab","fullName":"Test_features_automation_allure#test_home_tab","historyId":"0d1ecf3b0c8571df19a483ed876a37da","time":{"start":1757864159448,"stop":1757864159492,"duration":44},"description":"Test that home tab is visible","descriptionHtml":"<p>Test that home tab is visible</p>\n","status":"broken","statusMessage":"selenium.common.exceptions.WebDriverException: Message: 'POST /element' cannot be proxied to UiAutomator2 server because the instrumentation process is not running (probably crashed). Check the server log and/or the logcat output for more details\nStacktrace:\nUnknownError: 'POST /element' cannot be proxied to UiAutomator2 server because the instrumentation process is not running (probably crashed). Check the server log and/or the logcat output for more details\n    at UIA2Proxy.command (C:\\Users\\Teppo\\AppData\\Roaming\\npm\\node_modules\\appium\\node_modules\\@appium\\base-driver\\lib\\jsonwp-proxy\\proxy.js:332:13)\n    at processTicksAndRejections (node:internal/process/task_queues:105:5)\n    at AndroidUiautomator2Driver.doFindElementOrEls (C:\\Users\\Teppo\\.appium\\node_modules\\appium-uiautomator2-driver\\lib\\commands\\find.js:40:5)\n    at doFind (C:\\Users\\Teppo\\.appium\\node_modules\\appium-uiautomator2-driver\\node_modules\\appium-android-driver\\lib\\commands\\find.ts:47:17)\n    at wrappedCondFn (C:\\Users\\Teppo\\AppData\\Roaming\\npm\\node_modules\\appium\\node_modules\\@appium\\base-driver\\lib\\basedriver\\commands\\timeout.ts:114:14)\n    at spin (C:\\Users\\Teppo\\AppData\\Roaming\\npm\\node_modules\\appium\\node_modules\\asyncbox\\lib\\asyncbox.js:219:20)\n    at waitForCondition (C:\\Users\\Teppo\\AppData\\Roaming\\npm\\node_modules\\appium\\node_modules\\asyncbox\\lib\\asyncbox.js:236:10)\n    at AndroidUiautomator2Driver.implicitWaitForCondition (C:\\Users\\Teppo\\AppData\\Roaming\\npm\\node_modules\\appium\\node_modules\\@appium\\base-driver\\lib\\basedriver\\commands\\timeout.ts:116:12)\n    at AndroidUiautomator2Driver.findElOrEls (C:\\Users\\Teppo\\.appium\\node_modules\\appium-uiautomator2-driver\\node_modules\\appium-android-driver\\lib\\commands\\find.ts:70:5)\n    at AndroidUiautomator2Driver.findElOrElsWithProcessing (C:\\Users\\Teppo\\AppData\\Roaming\\npm\\node_modules\\appium\\node_modules\\@appium\\base-driver\\lib\\basedriver\\commands\\find.ts:60:12)\n    at AndroidUiautomator2Driver.findElement (C:\\Users\\Teppo\\AppData\\Roaming\\npm\\node_modules\\appium\\node_modules\\@appium\\base-driver\\lib\\basedriver\\commands\\find.ts:75:12)","statusTrace":"driver = <appium.webdriver.webdriver.WebDriver (session=\"63eacabf-3944-427f-b3b1-215af439cc63\")>, app_setup = None\n\n    @allure.feature(\"Main View\")\n    @allure.story(\"Home Tab Verification\")\n    def test_home_tab(driver, app_setup):\n        \"\"\"Test that home tab is visible\"\"\"\n        print(\"Testing HOME button...\")\n>       result = verify_element(driver, AppiumBy.ACCESSIBILITY_ID, \"KOTI\\nTab 1 of 3\",\n                              \"HOME button\", \"HOME_button_main\")\n\nTest_features_automation_allure.py:137: \n_ _ _ _ _ _ _ _ _ _ _ _ _ _ _ _ _ _ _ _ _ _ _ _ _ _ _ _ _ _ _ _ _ _ _ _ _ _ _ _ _ _ _ _ _ _ _ _ _ _ _ _ _ _ _ _ _ _ _ _\nTest_features_automation_allure.py:89: in verify_element\n    if check_element(driver, by, value, timeout):\nTest_features_automation_allure.py:79: in check_element\n    WebDriverWait(driver, timeout).until(\nC:\\Users\\Teppo\\AppData\\Local\\Programs\\Python\\Python313\\Lib\\site-packages\\selenium\\webdriver\\support\\wait.py:129: in until\n    value = method(self._driver)\nC:\\Users\\Teppo\\AppData\\Local\\Programs\\Python\\Python313\\Lib\\site-packages\\selenium\\webdriver\\support\\expected_conditions.py:104: in _predicate\n    return driver.find_element(*locator)\nC:\\Users\\Teppo\\AppData\\Local\\Programs\\Python\\Python313\\Lib\\site-packages\\selenium\\webdriver\\remote\\webdriver.py:926: in find_element\n    return self.execute(Command.FIND_ELEMENT, {\"using\": by, \"value\": value})[\"value\"]\nC:\\Users\\Teppo\\AppData\\Local\\Programs\\Python\\Python313\\Lib\\site-packages\\selenium\\webdriver\\remote\\webdriver.py:458: in execute\n    self.error_handler.check_response(response)\n_ _ _ _ _ _ _ _ _ _ _ _ _ _ _ _ _ _ _ _ _ _ _ _ _ _ _ _ _ _ _ _ _ _ _ _ _ _ _ _ _ _ _ _ _ _ _ _ _ _ _ _ _ _ _ _ _ _ _ _\n\nself = <appium.webdriver.errorhandler.MobileErrorHandler object at 0x0000025A7C8DD940>\nresponse = {'status': 500, 'value': '{\"value\":{\"error\":\"unknown error\",\"message\":\"\\'POST /element\\' cannot be proxied to UiAutoma...ode_modules\\\\\\\\appium\\\\\\\\node_modules\\\\\\\\@appium\\\\\\\\base-driver\\\\\\\\lib\\\\\\\\basedriver\\\\\\\\commands\\\\\\\\find.ts:75:12)\"}}'}\n\n    def check_response(self, response: Dict[str, Any]) -> None:\n        \"\"\"\n        https://www.w3.org/TR/webdriver/#errors\n        \"\"\"\n        payload = response.get('value', '')\n        if isinstance(payload, dict):\n            payload_dict = payload\n        else:\n            try:\n                payload_dict = json.loads(payload)\n            except (json.JSONDecodeError, TypeError):\n                return\n            if not isinstance(payload_dict, dict):\n                return\n        value = payload_dict.get('value')\n        if not isinstance(value, dict):\n            return\n        error = value.get('error')\n        if not error:\n            return\n    \n        message = value.get('message', error)\n        stacktrace = value.get('stacktrace', '')\n        # In theory, we should also be checking HTTP status codes.\n        # Java client, for example, prints a warning if the actual `error`\n        # value does not match to the response's HTTP status code.\n        exception_class: Type[sel_exceptions.WebDriverException] = ERROR_TO_EXC_MAPPING.get(\n            error, sel_exceptions.WebDriverException\n        )\n        if exception_class is sel_exceptions.WebDriverException and message:\n            if message == 'No such context found.':\n                exception_class = appium_exceptions.NoSuchContextException\n            elif message == 'That command could not be executed in the current context.':\n                exception_class = appium_exceptions.InvalidSwitchToTargetException\n    \n        if exception_class is sel_exceptions.UnexpectedAlertPresentException:\n            raise sel_exceptions.UnexpectedAlertPresentException(\n                msg=message,\n                stacktrace=format_stacktrace(stacktrace),\n                alert_text=value.get('data'),\n            )\n>       raise exception_class(msg=message, stacktrace=format_stacktrace(stacktrace))\nE       selenium.common.exceptions.WebDriverException: Message: 'POST /element' cannot be proxied to UiAutomator2 server because the instrumentation process is not running (probably crashed). Check the server log and/or the logcat output for more details\nE       Stacktrace:\nE       UnknownError: 'POST /element' cannot be proxied to UiAutomator2 server because the instrumentation process is not running (probably crashed). Check the server log and/or the logcat output for more details\nE           at UIA2Proxy.command (C:\\Users\\Teppo\\AppData\\Roaming\\npm\\node_modules\\appium\\node_modules\\@appium\\base-driver\\lib\\jsonwp-proxy\\proxy.js:332:13)\nE           at processTicksAndRejections (node:internal/process/task_queues:105:5)\nE           at AndroidUiautomator2Driver.doFindElementOrEls (C:\\Users\\Teppo\\.appium\\node_modules\\appium-uiautomator2-driver\\lib\\commands\\find.js:40:5)\nE           at doFind (C:\\Users\\Teppo\\.appium\\node_modules\\appium-uiautomator2-driver\\node_modules\\appium-android-driver\\lib\\commands\\find.ts:47:17)\nE           at wrappedCondFn (C:\\Users\\Teppo\\AppData\\Roaming\\npm\\node_modules\\appium\\node_modules\\@appium\\base-driver\\lib\\basedriver\\commands\\timeout.ts:114:14)\nE           at spin (C:\\Users\\Teppo\\AppData\\Roaming\\npm\\node_modules\\appium\\node_modules\\asyncbox\\lib\\asyncbox.js:219:20)\nE           at waitForCondition (C:\\Users\\Teppo\\AppData\\Roaming\\npm\\node_modules\\appium\\node_modules\\asyncbox\\lib\\asyncbox.js:236:10)\nE           at AndroidUiautomator2Driver.implicitWaitForCondition (C:\\Users\\Teppo\\AppData\\Roaming\\npm\\node_modules\\appium\\node_modules\\@appium\\base-driver\\lib\\basedriver\\commands\\timeout.ts:116:12)\nE           at AndroidUiautomator2Driver.findElOrEls (C:\\Users\\Teppo\\.appium\\node_modules\\appium-uiautomator2-driver\\node_modules\\appium-android-driver\\lib\\commands\\find.ts:70:5)\nE           at AndroidUiautomator2Driver.findElOrElsWithProcessing (C:\\Users\\Teppo\\AppData\\Roaming\\npm\\node_modules\\appium\\node_modules\\@appium\\base-driver\\lib\\basedriver\\commands\\find.ts:60:12)\nE           at AndroidUiautomator2Driver.findElement (C:\\Users\\Teppo\\AppData\\Roaming\\npm\\node_modules\\appium\\node_modules\\@appium\\base-driver\\lib\\basedriver\\commands\\find.ts:75:12)\n\nC:\\Users\\Teppo\\AppData\\Local\\Programs\\Python\\Python313\\Lib\\site-packages\\appium\\webdriver\\errorhandler.py:125: WebDriverException","flaky":false,"newFailed":false,"newBroken":false,"newPassed":false,"retriesCount":0,"retriesStatusChange":false,"beforeStages":[{"name":"driver","time":{"start":1757864149079,"stop":1757864151917,"duration":2838},"status":"passed","steps":[],"attachments":[],"parameters":[],"shouldDisplayMessage":false,"attachmentsCount":0,"hasContent":false,"attachmentStep":false,"stepsCount":0},{"name":"app_setup","time":{"start":1757864151918,"stop":1757864159447,"duration":7529},"status":"passed","steps":[],"attachments":[],"parameters":[],"shouldDisplayMessage":false,"attachmentsCount":0,"hasContent":false,"attachmentStep":false,"stepsCount":0}],"testStage":{"description":"Test that home tab is visible","status":"broken","statusMessage":"selenium.common.exceptions.WebDriverException: Message: 'POST /element' cannot be proxied to UiAutomator2 server because the instrumentation process is not running (probably crashed). Check the server log and/or the logcat output for more details\nStacktrace:\nUnknownError: 'POST /element' cannot be proxied to UiAutomator2 server because the instrumentation process is not running (probably crashed). Check the server log and/or the logcat output for more details\n    at UIA2Proxy.command (C:\\Users\\Teppo\\AppData\\Roaming\\npm\\node_modules\\appium\\node_modules\\@appium\\base-driver\\lib\\jsonwp-proxy\\proxy.js:332:13)\n    at processTicksAndRejections (node:internal/process/task_queues:105:5)\n    at AndroidUiautomator2Driver.doFindElementOrEls (C:\\Users\\Teppo\\.appium\\node_modules\\appium-uiautomator2-driver\\lib\\commands\\find.js:40:5)\n    at doFind (C:\\Users\\Teppo\\.appium\\node_modules\\appium-uiautomator2-driver\\node_modules\\appium-android-driver\\lib\\commands\\find.ts:47:17)\n    at wrappedCondFn (C:\\Users\\Teppo\\AppData\\Roaming\\npm\\node_modules\\appium\\node_modules\\@appium\\base-driver\\lib\\basedriver\\commands\\timeout.ts:114:14)\n    at spin (C:\\Users\\Teppo\\AppData\\Roaming\\npm\\node_modules\\appium\\node_modules\\asyncbox\\lib\\asyncbox.js:219:20)\n    at waitForCondition (C:\\Users\\Teppo\\AppData\\Roaming\\npm\\node_modules\\appium\\node_modules\\asyncbox\\lib\\asyncbox.js:236:10)\n    at AndroidUiautomator2Driver.implicitWaitForCondition (C:\\Users\\Teppo\\AppData\\Roaming\\npm\\node_modules\\appium\\node_modules\\@appium\\base-driver\\lib\\basedriver\\commands\\timeout.ts:116:12)\n    at AndroidUiautomator2Driver.findElOrEls (C:\\Users\\Teppo\\.appium\\node_modules\\appium-uiautomator2-driver\\node_modules\\appium-android-driver\\lib\\commands\\find.ts:70:5)\n    at AndroidUiautomator2Driver.findElOrElsWithProcessing (C:\\Users\\Teppo\\AppData\\Roaming\\npm\\node_modules\\appium\\node_modules\\@appium\\base-driver\\lib\\basedriver\\commands\\find.ts:60:12)\n    at AndroidUiautomator2Driver.findElement (C:\\Users\\Teppo\\AppData\\Roaming\\npm\\node_modules\\appium\\node_modules\\@appium\\base-driver\\lib\\basedriver\\commands\\find.ts:75:12)","statusTrace":"driver = <appium.webdriver.webdriver.WebDriver (session=\"63eacabf-3944-427f-b3b1-215af439cc63\")>, app_setup = None\n\n    @allure.feature(\"Main View\")\n    @allure.story(\"Home Tab Verification\")\n    def test_home_tab(driver, app_setup):\n        \"\"\"Test that home tab is visible\"\"\"\n        print(\"Testing HOME button...\")\n>       result = verify_element(driver, AppiumBy.ACCESSIBILITY_ID, \"KOTI\\nTab 1 of 3\",\n                              \"HOME button\", \"HOME_button_main\")\n\nTest_features_automation_allure.py:137: \n_ _ _ _ _ _ _ _ _ _ _ _ _ _ _ _ _ _ _ _ _ _ _ _ _ _ _ _ _ _ _ _ _ _ _ _ _ _ _ _ _ _ _ _ _ _ _ _ _ _ _ _ _ _ _ _ _ _ _ _\nTest_features_automation_allure.py:89: in verify_element\n    if check_element(driver, by, value, timeout):\nTest_features_automation_allure.py:79: in check_element\n    WebDriverWait(driver, timeout).until(\nC:\\Users\\Teppo\\AppData\\Local\\Programs\\Python\\Python313\\Lib\\site-packages\\selenium\\webdriver\\support\\wait.py:129: in until\n    value = method(self._driver)\nC:\\Users\\Teppo\\AppData\\Local\\Programs\\Python\\Python313\\Lib\\site-packages\\selenium\\webdriver\\support\\expected_conditions.py:104: in _predicate\n    return driver.find_element(*locator)\nC:\\Users\\Teppo\\AppData\\Local\\Programs\\Python\\Python313\\Lib\\site-packages\\selenium\\webdriver\\remote\\webdriver.py:926: in find_element\n    return self.execute(Command.FIND_ELEMENT, {\"using\": by, \"value\": value})[\"value\"]\nC:\\Users\\Teppo\\AppData\\Local\\Programs\\Python\\Python313\\Lib\\site-packages\\selenium\\webdriver\\remote\\webdriver.py:458: in execute\n    self.error_handler.check_response(response)\n_ _ _ _ _ _ _ _ _ _ _ _ _ _ _ _ _ _ _ _ _ _ _ _ _ _ _ _ _ _ _ _ _ _ _ _ _ _ _ _ _ _ _ _ _ _ _ _ _ _ _ _ _ _ _ _ _ _ _ _\n\nself = <appium.webdriver.errorhandler.MobileErrorHandler object at 0x0000025A7C8DD940>\nresponse = {'status': 500, 'value': '{\"value\":{\"error\":\"unknown error\",\"message\":\"\\'POST /element\\' cannot be proxied to UiAutoma...ode_modules\\\\\\\\appium\\\\\\\\node_modules\\\\\\\\@appium\\\\\\\\base-driver\\\\\\\\lib\\\\\\\\basedriver\\\\\\\\commands\\\\\\\\find.ts:75:12)\"}}'}\n\n    def check_response(self, response: Dict[str, Any]) -> None:\n        \"\"\"\n        https://www.w3.org/TR/webdriver/#errors\n        \"\"\"\n        payload = response.get('value', '')\n        if isinstance(payload, dict):\n            payload_dict = payload\n        else:\n            try:\n                payload_dict = json.loads(payload)\n            except (json.JSONDecodeError, TypeError):\n                return\n            if not isinstance(payload_dict, dict):\n                return\n        value = payload_dict.get('value')\n        if not isinstance(value, dict):\n            return\n        error = value.get('error')\n        if not error:\n            return\n    \n        message = value.get('message', error)\n        stacktrace = value.get('stacktrace', '')\n        # In theory, we should also be checking HTTP status codes.\n        # Java client, for example, prints a warning if the actual `error`\n        # value does not match to the response's HTTP status code.\n        exception_class: Type[sel_exceptions.WebDriverException] = ERROR_TO_EXC_MAPPING.get(\n            error, sel_exceptions.WebDriverException\n        )\n        if exception_class is sel_exceptions.WebDriverException and message:\n            if message == 'No such context found.':\n                exception_class = appium_exceptions.NoSuchContextException\n            elif message == 'That command could not be executed in the current context.':\n                exception_class = appium_exceptions.InvalidSwitchToTargetException\n    \n        if exception_class is sel_exceptions.UnexpectedAlertPresentException:\n            raise sel_exceptions.UnexpectedAlertPresentException(\n                msg=message,\n                stacktrace=format_stacktrace(stacktrace),\n                alert_text=value.get('data'),\n            )\n>       raise exception_class(msg=message, stacktrace=format_stacktrace(stacktrace))\nE       selenium.common.exceptions.WebDriverException: Message: 'POST /element' cannot be proxied to UiAutomator2 server because the instrumentation process is not running (probably crashed). Check the server log and/or the logcat output for more details\nE       Stacktrace:\nE       UnknownError: 'POST /element' cannot be proxied to UiAutomator2 server because the instrumentation process is not running (probably crashed). Check the server log and/or the logcat output for more details\nE           at UIA2Proxy.command (C:\\Users\\Teppo\\AppData\\Roaming\\npm\\node_modules\\appium\\node_modules\\@appium\\base-driver\\lib\\jsonwp-proxy\\proxy.js:332:13)\nE           at processTicksAndRejections (node:internal/process/task_queues:105:5)\nE           at AndroidUiautomator2Driver.doFindElementOrEls (C:\\Users\\Teppo\\.appium\\node_modules\\appium-uiautomator2-driver\\lib\\commands\\find.js:40:5)\nE           at doFind (C:\\Users\\Teppo\\.appium\\node_modules\\appium-uiautomator2-driver\\node_modules\\appium-android-driver\\lib\\commands\\find.ts:47:17)\nE           at wrappedCondFn (C:\\Users\\Teppo\\AppData\\Roaming\\npm\\node_modules\\appium\\node_modules\\@appium\\base-driver\\lib\\basedriver\\commands\\timeout.ts:114:14)\nE           at spin (C:\\Users\\Teppo\\AppData\\Roaming\\npm\\node_modules\\appium\\node_modules\\asyncbox\\lib\\asyncbox.js:219:20)\nE           at waitForCondition (C:\\Users\\Teppo\\AppData\\Roaming\\npm\\node_modules\\appium\\node_modules\\asyncbox\\lib\\asyncbox.js:236:10)\nE           at AndroidUiautomator2Driver.implicitWaitForCondition (C:\\Users\\Teppo\\AppData\\Roaming\\npm\\node_modules\\appium\\node_modules\\@appium\\base-driver\\lib\\basedriver\\commands\\timeout.ts:116:12)\nE           at AndroidUiautomator2Driver.findElOrEls (C:\\Users\\Teppo\\.appium\\node_modules\\appium-uiautomator2-driver\\node_modules\\appium-android-driver\\lib\\commands\\find.ts:70:5)\nE           at AndroidUiautomator2Driver.findElOrElsWithProcessing (C:\\Users\\Teppo\\AppData\\Roaming\\npm\\node_modules\\appium\\node_modules\\@appium\\base-driver\\lib\\basedriver\\commands\\find.ts:60:12)\nE           at AndroidUiautomator2Driver.findElement (C:\\Users\\Teppo\\AppData\\Roaming\\npm\\node_modules\\appium\\node_modules\\@appium\\base-driver\\lib\\basedriver\\commands\\find.ts:75:12)\n\nC:\\Users\\Teppo\\AppData\\Local\\Programs\\Python\\Python313\\Lib\\site-packages\\appium\\webdriver\\errorhandler.py:125: WebDriverException","steps":[{"name":"Verify element: HOME button","time":{"start":1757864159449,"stop":1757864159459,"duration":10},"status":"broken","statusMessage":"selenium.common.exceptions.WebDriverException: Message: 'POST /element' cannot be proxied to UiAutomator2 server because the instrumentation process is not running (probably crashed). Check the server log and/or the logcat output for more details\nStacktrace:\nUnknownError: 'POST /element' cannot be proxied to UiAutomator2 server because the instrumentation process is not running (probably crashed). Check the server log and/or the logcat output for more details\n    at UIA2Proxy.command (C:\\Users\\Teppo\\AppData\\Roaming\\npm\\node_modules\\appium\\node_modules\\@appium\\base-driver\\lib\\jsonwp-proxy\\proxy.js:332:13)\n    at processTicksAndRejections (node:internal/process/task_queues:105:5)\n    at AndroidUiautomator2Driver.doFindElementOrEls (C:\\Users\\Teppo\\.appium\\node_modules\\appium-uiautomator2-driver\\lib\\commands\\find.js:40:5)\n    at doFind (C:\\Users\\Teppo\\.appium\\node_modules\\appium-uiautomator2-driver\\node_modules\\appium-android-driver\\lib\\commands\\find.ts:47:17)\n    at wrappedCondFn (C:\\Users\\Teppo\\AppData\\Roaming\\npm\\node_modules\\appium\\node_modules\\@appium\\base-driver\\lib\\basedriver\\commands\\timeout.ts:114:14)\n    at spin (C:\\Users\\Teppo\\AppData\\Roaming\\npm\\node_modules\\appium\\node_modules\\asyncbox\\lib\\asyncbox.js:219:20)\n    at waitForCondition (C:\\Users\\Teppo\\AppData\\Roaming\\npm\\node_modules\\appium\\node_modules\\asyncbox\\lib\\asyncbox.js:236:10)\n    at AndroidUiautomator2Driver.implicitWaitForCondition (C:\\Users\\Teppo\\AppData\\Roaming\\npm\\node_modules\\appium\\node_modules\\@appium\\base-driver\\lib\\basedriver\\commands\\timeout.ts:116:12)\n    at AndroidUiautomator2Driver.findElOrEls (C:\\Users\\Teppo\\.appium\\node_modules\\appium-uiautomator2-driver\\node_modules\\appium-android-driver\\lib\\commands\\find.ts:70:5)\n    at AndroidUiautomator2Driver.findElOrElsWithProcessing (C:\\Users\\Teppo\\AppData\\Roaming\\npm\\node_modules\\appium\\node_modules\\@appium\\base-driver\\lib\\basedriver\\commands\\find.ts:60:12)\n    at AndroidUiautomator2Driver.findElement (C:\\Users\\Teppo\\AppData\\Roaming\\npm\\node_modules\\appium\\node_modules\\@appium\\base-driver\\lib\\basedriver\\commands\\find.ts:75:12)\n","statusTrace":"  File \"C:\\Projects\\sesaa\\Test_features_automation_allure.py\", line 89, in verify_element\n    if check_element(driver, by, value, timeout):\n       ~~~~~~~~~~~~~^^^^^^^^^^^^^^^^^^^^^^^^^^^^\n  File \"C:\\Projects\\sesaa\\Test_features_automation_allure.py\", line 79, in check_element\n    WebDriverWait(driver, timeout).until(\n    ~~~~~~~~~~~~~~~~~~~~~~~~~~~~~~~~~~~~^\n        EC.presence_of_element_located((by, value))\n        ^^^^^^^^^^^^^^^^^^^^^^^^^^^^^^^^^^^^^^^^^^^\n    )\n    ^\n  File \"C:\\Users\\Teppo\\AppData\\Local\\Programs\\Python\\Python313\\Lib\\site-packages\\selenium\\webdriver\\support\\wait.py\", line 129, in until\n    value = method(self._driver)\n  File \"C:\\Users\\Teppo\\AppData\\Local\\Programs\\Python\\Python313\\Lib\\site-packages\\selenium\\webdriver\\support\\expected_conditions.py\", line 104, in _predicate\n    return driver.find_element(*locator)\n           ~~~~~~~~~~~~~~~~~~~^^^^^^^^^^\n  File \"C:\\Users\\Teppo\\AppData\\Local\\Programs\\Python\\Python313\\Lib\\site-packages\\selenium\\webdriver\\remote\\webdriver.py\", line 926, in find_element\n    return self.execute(Command.FIND_ELEMENT, {\"using\": by, \"value\": value})[\"value\"]\n           ~~~~~~~~~~~~^^^^^^^^^^^^^^^^^^^^^^^^^^^^^^^^^^^^^^^^^^^^^^^^^^^^^\n  File \"C:\\Users\\Teppo\\AppData\\Local\\Programs\\Python\\Python313\\Lib\\site-packages\\selenium\\webdriver\\remote\\webdriver.py\", line 458, in execute\n    self.error_handler.check_response(response)\n    ~~~~~~~~~~~~~~~~~~~~~~~~~~~~~~~~~^^^^^^^^^^\n  File \"C:\\Users\\Teppo\\AppData\\Local\\Programs\\Python\\Python313\\Lib\\site-packages\\appium\\webdriver\\errorhandler.py\", line 125, in check_response\n    raise exception_class(msg=message, stacktrace=format_stacktrace(stacktrace))\n","steps":[],"attachments":[],"parameters":[],"shouldDisplayMessage":true,"attachmentsCount":0,"hasContent":true,"attachmentStep":false,"stepsCount":0}],"attachments":[],"parameters":[],"shouldDisplayMessage":true,"attachmentsCount":0,"hasContent":true,"attachmentStep":false,"stepsCount":1},"afterStages":[{"name":"app_setup::0","time":{"start":1757864159558,"stop":1757864159558,"duration":0},"status":"passed","steps":[],"attachments":[],"parameters":[],"shouldDisplayMessage":false,"attachmentsCount":0,"hasContent":false,"attachmentStep":false,"stepsCount":0},{"name":"driver::0","time":{"start":1757864159559,"stop":1757864164920,"duration":5361},"status":"passed","steps":[],"attachments":[],"parameters":[],"shouldDisplayMessage":false,"attachmentsCount":0,"hasContent":false,"attachmentStep":false,"stepsCount":0}],"labels":[{"name":"story","value":"Home Tab Verification"},{"name":"feature","value":"Main View"},{"name":"suite","value":"Test_features_automation_allure"},{"name":"host","value":"DESKTOP-0K69VMV"},{"name":"thread","value":"17364-MainThread"},{"name":"framework","value":"pytest"},{"name":"language","value":"cpython3"},{"name":"package","value":"Test_features_automation_allure"},{"name":"resultFormat","value":"allure2"}],"parameters":[],"links":[],"hidden":true,"retry":true,"extra":{"categories":[],"tags":[]},"source":"9bd92c7bce8d2baf.json","parameterValues":[]}